-------------------------------------------------------------------------------
Test set: za.ac.cput.university.BTechTest
-------------------------------------------------------------------------------
Tests run: 1, Failures: 1, Errors: 0, Skipped: 0, Time elapsed: 0.007 sec <<< FAILURE!
za.ac.cput.university.BTechTest.testStudent()  Time elapsed: 0.006 sec  <<< FAILURE!
java.lang.NullPointerException
	at za.ac.cput.university.BTechTest.testStudent(BTechTest.java:18)
