-------------------------------------------------------------------------------
Test set: za.ac.cput.university.ThirdYearTest
-------------------------------------------------------------------------------
Tests run: 2, Failures: 1, Errors: 0, Skipped: 0, Time elapsed: 0.064 sec <<< FAILURE!
za.ac.cput.university.ThirdYearTest.testName()  Time elapsed: 0.062 sec  <<< FAILURE!
java.lang.NullPointerException
	at za.ac.cput.university.ThirdYearTest.testName(ThirdYearTest.java:23)
